4267393314
607463330
2065394512
689518890
3156941668
1449006034
3491974016
4292592767
2793718188
394278912
3319525499
378887209
3037395120
964008356
2082412863
3227192027
2440648868
843338430
2934680752
3717181840
3268946677
2401541984
2050514684
4123933752
3583005887
3856041472
1815884272
415304286
1541558256
4062203534
2277869872
3594279872
3566230100
3844866048
2238471616
3076149674
2271231563
3280824960
3496648288
2450800040
2567808872
2302555776
2809135094
2127671164
2225857552
4215978468
1679768068
1717481929
3067989635
3981640399
593607467
2446109248
3102635916
719243151
1152141098
3865321346
2161545650
1925247775
3655710208
3993870032
1021699928
451251359
3404297088
3929166589
2586846532
1670094156
4054766119
2126431505
1807195014
1948735064
2449041491
3903855110
1155952536
1754441872
3397753052
932772319
2675879816
325150584
3996154193
2757186912
2256451638
3388097196
1549371676
567235680
1393592026
2916441128
1966729090
3075645678
2234669380
3223808692
349023607
3706197180
2758448840
1426386359
2230362646
4236740344
1444951798
3319497258
2726791012
2006997312
3524836137
1482829378
1898761410
1172936352
60355584
1635221902
2338373828
3109380648
4158873469
524625608
2368132092
4177524389
411726323
499611875
3225613608
55137968
1029513406
1531523224
1735245128
2336775198
1404201592
4073944856
3467820040
2995987356
1983946680
1954347360
1869047740
1248850600
1620600646
3072193568
1791924044
4049133720
777772092
1174086178
3493412544
583440755
646661366
746466372
1121711096
2196928504
4044337984
1331208029
3485371706
230148780
1395799466
1101623888
622655328
1272844441
3939541284
891367334
4128360512
3919245153
1245210760
3643328880
3445882730
2807297772
3592254388
2683123840
2737902672
2529163648
4076897306
2478428018
2501506787
163348006
3461095072
4059569884
2993814480
1630431640
2930273468
217207392
1000599040
3164217536
2757270694
4054779984
2390067580
613967436
5267818
90192261
3032445875
313508717
3003170901
3225884160
3051388914
3439270264
2881445040
4224538892
2098683433
3868313996
2855998788
1177200086
679680064
1083510082
252131260
246997752
2482295896
1849080836
1260494990
241770001
1589376036
1735281913
237952420
2690718488
2135250598
894782086
1104169156
1093568080
123914776
1729993520
1805854224
4267034998
1538448082
1237760822
3898910464
3355273634
1016798561
2064770908
1077741006
2481782192
524302624
3911486496
3558348108
4290819688
4217770488
2817134678
864908338
291244962
1116825875
3769988203
2279762482
3873126634
2659844479
153675928
2066575692
2191142491
2532804371
3947960660
823338606
3052387807
1124354248
3924395542
1784333
2097344436
1208980796
3932625635
618071005
909402302
2371878576
3699890184
747469312
2981973760
586407117
525902600
2593085202
1643981056
1713263224
237300912
1703847962
3071440791
136800056
3016594896
107606368
1795463542
873290787
165038682
1141842091
2679699000
1475280942
2142274283
3512222241
449655496
4222531564
3673205576
1615649445
2499506992
4127019486
3533038248
936906322
3904648990
2922278867
313503034
1430462528
300795178
2760806294
3025729968
2571847600
229551033
1242152880
852388512
295092200
2884826816
3965401903
2178682996
3653277324
1691784040
2694111280
1008126338
712796632
1879809744
3209531820
2445445819
709260832
1491650392
3344283268
2766970483
880054048
4017939630
2602105412
977535374
1842310035
2093519428
2682453236
1717614400
622689279
659083292
3871960912
3773489430
3901332374
4198471964
1028582020
3683635342
2454823653
960943969
446214140
614397743
344751888
1232790417
2964428904
2047443372
3500814951
63557692
3059297408
3904301296
3931044200
1708103040
4029191762
1496013813
2033730040
1157923590
317423755
2219656606
1905938364
1244338752
330896676
708257488
2097885016
2466173492
1147301076
2369601741
2915780528
2698764874
2731501254
4288369103
2307240605
2500719505
4265932572
2835810213
2950497745
579209202
2389811984
3363273848
3463331860
77505816
3498685097
2257890283
2802499444
910392896
11576053
1077883312
119398736
636455185
171022468
3480300800
4049020096
2872531979
4042930528
1546407648
3394677971
187821181
3572606943
101755266
899451840
1212112068
1983156324
3510781884
3108877728
1869769452
3181329767
3751812878
3647315512
1174800900
1487845550
435416696
1150063816
765677651
3222635966
3422542214
707206236
440441408
1059807902
4073966666
457750428
2870598424
3212952689
303470732
1270680528
2295552848
2255253536
2307040633
1762682058
1580164208
386353146
4199027168
1655446544
3377623243
3736654268
781907164
222324924
964012038
1622797764
3243641420
3889098368
1730349112
2892397408
200646156
2211666208
263258632
755919798
3181147745
1418071728
2416031054
2009953063
695142466
3384070988
4039457839
1746214788
2785937230
3015762328
3270310296
3377626614
39525675
3824259002
219784848
2293148672
1620661802
3273740710
570857928
2899402238
233863196
3961841696
1423915232
1157022831
704175984
987380328
3027409795
2450214344
2868270696
2070332919
2939751584
2150368970
2464734196
1469830252
2803675476
1326536928
2519256524
3212708448
1770857952
2511208085
1218809412
646822040
928242717
2447468256
1326872686
3283695378
741155429
2172644668
214951946
2469075668
4122291982
1664003309
521632422
3119818984
3066661937
1265442563
3361572832
567189848
591383977
2006141006
662737584
384741189
3064304884
3100820992
1584859739
521759163
4030593286
1246398384
2786216510
479295332
2525963623
2843815168
2038723968
1704902982
70211503
2146493536
2891371002
1891757742
3755446008
3712843560
3932685909
2788346336
656352792
1680595368
155302700
3037144904
3329902768
2269720824
3863921454
2411550954
113336466
2095940738
1028067703
1553281288
1381259712
1994582096
4028758518
2684964604
2640040042
165147224
3591156248
247823132
3571671730
1916273689
1360536004
2256222508
2603091010
798278210
1748484195
1903302560
1234151468
1795960928
768542333
1950701660
2753679416
3197486373
2881182234
138024062
642366594
873697280
3701576274
3654212528
3554839185
3537601456
2402631551
3135308064
4182162613
1942467932
2485248419
4277364049
321651125
654499568
2561381416
1087729622
2840418115
3104102016
1395880658
7295428
1904490944
2702506052
788469136
1836729228
2089452284
1350918948
2153780146
2385764744
2193301200
3509767872
3979295074
3525606786
3368856272
1689582404
739020284
2965713837
4152987868
221135749
449387584
30264756
2092456426
3419636150
2496733943
2814666112
2531825746
730220218
1250251218
377606336
1250733961
1674220587
1126612090
2503504096
1584837904
1883310592
3794023168
1242843487
864187048
2630484500
122636950
2162536742
882609535
814504065
3693971518
211302768
3598689076
2311238922
3438516236
202876310
774299340
2451395512
2148022434
2619871432
1782879176
3401151412
1066155639
3796404310
1148323465
3228904756
374130455
1847323936
1170774834
4195585044
4180694659
915421112
2375521216
917919043
1587538648
4021060628
209876096
2365290800
4180343329
624586352
752522464
2891835836
3794543111
4026202120
2881516500
2202372653
2759819828
3524729622
1187221974
2211552528
3442347592
3046801916
3159826650
2082259180
2566850702
1293228884
1883565974
3154158754
3071566608
1324733399
2076011312
2868706254
4117612924
1479490180
2931639008
2453094935
2999629078
2985244401
666365302
1040802864
1609729690
1599763657
3689489969
2417480856
819183660
559166842
1268315880
2987397390
1222635168
2945940712
2446852344
3569764506
935279828
2417484427
3704191251
3527662980
2008790426
2934857292
683420731
3903383440
1551485319
2230695784
1155943848
1313627906
2246504632
4018873200
4130025898
1860146824
2738008688
2124506308
3185361677
4228305406
187244980
2363925104
3431057280
320684336
3950218064
2937109032
2250459020
3345799516
3404300076
4226258800
2441436916
3359714024
2237098988
243855838
2553637510
4175108578
2344272736
663207296
176153630
3101825256
2920125284
1642907420
3337207748
535758943
3504954368
2306499721
1098309646
2397871848
798015808
2703896276
1266037376
3304363348
3878620753
2724242884
2551136927
3751738668
1183939018
2584812496
775730720
557542024
1972008740
2919514584
2602386483
961742412
2818440783
583533861
3464820382
4027441738
1274948194
960559616
3137166976
643365254
992057724
2979912698
3541436780
860213405
2997552284
1228872332
2848547558
195859970
228540320
4185768517
2570374870
738373016
856665204
2686828208
3651300784
3634729756
2637531314
1574046838
139405009
1834487064
1448850432
748434707
2609944152
3013482778
2243596750
2378334959
3488115692
1793383531
2382261696
4247035172
3580621756
284708720
1491185280
3789998494
2530958642
1210710466
2093123424
494162506
3309775136
1818173408
4054312612
3236986611
884223256
2305204864
774544536
3199583793
2915540002
2138876329
1729279120
1765818642
2505451027
1285927944
2738256084
3587265052
1268017536
4250969185
3520958912
4060683216
1731230720
1533022556
3971861569
4294456281
696812123
2431203280
26182470
3087066860
3604601856
3767740564
2832678874
1783528450
3933796848
2218476992
2220133697
4130313174
2277481616
2130906381
4255360150
1239811840
393026238
3198094272
4211465252
680841022
301831864
2171424966
4190502844
3020623609
3494969637
3522151727
1271943612
3926189612
2288211032
2570655120
1970230884
3196397581
1590079758
1083923158
801267428
3560890604
379349238
2389320484
3345760692
2044943008
3596019734
3740250016
539227362
471687565
2756997314
627840442
332520960
2721095890
828729036
1681423232
2066285748
1205821184
1042672364
1162044100
2754852572
4158302176
3175086532
1136688184
95413949
2796555446
3065297280
1515314708
2483372863
2379088530
1728397144
2249067034
3064929788
1259891624
1745852544
2683893632
675951751
1544955125
4260891382
2369238748
3025409254
1872558144
1368657680
1938340256
1190947824
2522932445
2829872019
1131431624
2286390416
2583784462
3444519177
1202944254
2814563120
662215866
1849501828
2849442716
878622496
696068478
2367653472
2411891878
991568629
734540272
1917633609
4230571042
977700100
3936655440
1512465152
1247503212
4194948750
3492004472
3648100352
3566802374
2463270818
1121031445
1346606606
1297682744
2791820034
4163690412
3592233779
78028368
2177458508
2561645000
3410372864
3156512500
3951153232
2533880443
2532844762
3804487725
1489243840
3337815540
3333907672
694177548
829055641
2882888216
3723970563
2217085964
3415296068
322569892
3177624264
3911660835
4073513922
3249167600
1572939520
2939546718
1616100904
1909659582
4091985017
4060788416
311294152
2931265983
3935714899
396120656
3554098121
1681627519
3552794164
1147199140
654018274
1623289732
3889105664
1269771174
3573477688
2156867081
628611156
3862357220
3898134300
3525647488
557724047
3712916306
4214882200
783067886
2254514928
3060503818
3020787583
1552270638
1981440016
3136035087
4216525417
2813001787
2976630860
2574730840
3794964142
4246041810
1079573832
359422800
982852959
603078348
2154215984
2013466852
3538077863
4057095951
4028496825
2655279196
2863657508
2857791795
2239622144
1808234093
1524127080
3240248515
1557112468
3438988397
3215864068
824731692
2142528017
2023463548
1866937594
1439960637
1485609631
2216010287
2367756596
3815022753
1747819516
2629056356
3558964746
1759138176
739991504
1835706061
31710265
2863345632
2274801450
445922090
229357649
2028495574
879863636
1490715640
996737968
214710474
1765070031
2990148372
716111990
3818087896
874857820
2144788416
1355917364
2687661684
1630387376
1744581992
664026008
2751290380
544683956
31923602
986829922
14825152
94035496
2946782814
1578282908
915327615
1356143324
3973417766
3802324532
1804549024
1904849219
3742047936
2611412556
2819951466
4210589080
136311632
540502304
3555912588
3202799408
4087588632
1471304936
3537118692
3771674724
478950599
2629487164
2183794736
422925794
778374200
3366084114
538009966
285454540
814282340
511474074
3610019792
3363195882
2468454017
1219656498
1590875936
3785878336
2381127974
314706925
936444143
3850306872
3215089240
2519320624
2235125032
4191766992
3572832253
315986492
3143880308
436048532
1088679304
3637076432
735990926
1144994960
810762035
3062145850
1219830060
334946376
3311432564
2339141038
2373019136
1516445200
2122617236
1366580508
2660550504
3205485696
444947808
2900087219
3562393616
3683454576
1706058252
4088362168
3555197298
555145386
1527931904
2270327518
824183744
1277885140
3757144445
4097407050
1101333550
825551056
2121313872
3701090113
1977104640
440067769
1681140480
1825111986
3783449864
2048845700
4243273508
2471486863
2091453497
3703173331
2031134688
3091643492
829040868
3580885205
1912092728
3142070811
2197087991
2984434864
1694022664
2117299815
1495100836
880831682
1383147328
3153740754
903725707
3908468352
4275001780
920216928
1964491404
3792879254
2318112470
2721495639
1462366788
2315156736
1604828636
1689896714
3004895056
545793386
1034001502
4243174516
1194388256
742733248
1096171557
2854410149
3616975852
3344100320
282444156
3943687184
1233209113
1354714160
1400301843
3962863118
3599567920
3417505939
3607124996
489135804
1342370270
4168807320
3375785829
3969690595
1752078410
558367262
1892081246
282772495
998405576
67158336
1551407280
1915898066
2372771752
3141540673
586936208
1586864158
3320147358
1255673471
2527518288
1097524454
1735796552
1718510838
1345826560
2275587656
533153341
1045225628
459779856
3870550042
498211799
3725341784
2492098066
784860236
2470462092
1839680612
1439598928
3828619495
3760120896
405101822
2829746091
4181391086
282181072
4118871297
2379900611
2451695744
1527166915
2483124388
4060188750
2643281664
3929421851
842306588
2679879176
263524972
1241418197
3225754420
2449411640
303535248
2644068788
2752433016
1291841612
1752573307
3451273225
1496609972
3451504752
3347612432
146496732
3278944977
1718946226
441841046
223841586
440041908
921739672
3664523274
1057088355
2812414198
1059945208
2428374818
156253029
944934840
281716584
910009491
1625658578
4017735496
2722274508
2235456496
4219400058
238807688
2265434708
1101178288
605900480
1998047776
175771188
2398459182
3109710760
2053221792
4150070600
2373932147
1759323702
4239959880
3605439980
4143028541
2489816345
2957235747
1764218414
2893475541
802154731
521316720
2908152395
4125854357
94071092
4244620572
3124999808
181147944
163691735
2845380518
347628832
676270713
3499828860
668115730
255675807
2897165633
2066277278
3141454
3590953104
3493701992
3206437554
2623529842
1150846814
215947440
2285388500
2008104072
1397815466
3468907035
1890302216
3877258337
1696717648
3633270242
2521252710
533324104
1708473320
1364360717
1801261815
1737044879
1260434610
532824852
2609066000
1848934080
989067737
1836560864
1770363096
4275677817
2632517354
316937732
1434323195
2503597958
2370263921
1941086914
1010645971
2842794605
4219332129
2444091572
3055372328
1988229927
1803725332
4204149299
3902356596
4146697350
958566824
2488125943
4209630080
1303848480
674383160
2958899203
419398530
1848202827
1257884120
81928396
2240854120
2852381788
1669372427
721053682
3724091898
4128507676
406455944
2511927202
3303903508
3521349212
3122527470
2142991450
2379865524
1894354260
3691213072
4212796270
1499212676
681338098
2299436544
906511784
2629044365
2252470050
2300430578
3192866704
1375020872
1694813335
3611237840
3022651852
4101173472
1944598265
4055248896
82782128
3799744469
3269593280
1393237504
1243360820
2488607728
2000257984
727414010
3386079517
1127656236
835119716
1015012909
981139880
691791640
3540275968
3693492888
1385670080
1998623633
1843916700
1865096805
1886668176
3284266999
4292816916
3485602134
1910390729
1026256211
623898454
4176278268
2249963784
3861815342
3889170360
4074653200
2298738992
4155083114
1292229120
1507435320
3229583765
2920408960
514135408
3666941702
3949020920
952601557
3028844944
873978176
3295422760
178031832
495602775
2031298912
2443699886
558247001
4206487012
3943242651
3332526144
3628582120
4205191620
1367289680
3008889240
4217897968
3096699312
1299900318
1281601962
3090972836
1883259550
500444402
2386150692
3481124110
185572806
242409696
1124023744
2848915072
2995802778
4013471356
1742418136
2115102648
1251231413
3365717935
1591341402
3523607564
3630315126
815649838
1748028272
2673820972
214200712
598037396
2556331648
775176994
3781095400
2678464296
2595565584
439124956
53926894
1044039394
3826859492
1454255728
1895524584
805678020
2429958608
3290073940
2112053084
1212001492
3255780640
1152912070
2605452514
3089813502
623173786
2969615720
1483402227
882247614
3934756368
350924229
130804576
2140729398
2253608544
327616576
3199632096
133187048
3358273930
2616615621
1374450399
247388640
4179849380
3803471928
1408205616
574405672
2417436264
954891368
3822212800
141402080
573372698
3798483850
633731495
1591109643
2569087860
3550284336
301886843
2738219555
3163894059
1275835416
3553114508
3917464077
2505820373
1608017608
3447959856
1260557208
888173260
3944990904
3776440309
293234076
2522988766
1665863547
2103415824
360383616
2522986498
2578339166
527380932
4161787447
4102029905
3170466225
1072728618
3726265408
2564237862
4028287694
1405704792
793971840
3343329212
3248590762
3244515456
523697232
119412236
3525169560
3459303266
1311300105
3177908923
3136223784
2717622678
2798251938
2228157628
1305173672
147820120
1653161678
1023558435
2383401336
2178978418
1036539390
918757717
2066787386
617112436
713565620
760617878
4110404736
1382242096
2944717120
4098289873
38278576
357835065
3098748839
3198542778
2115213342
1333221191
1976451422
3841803780
1224401820
2975066826
2778084988
1905113539
4069330742
1438312654
1942545910
2760880576
2539849842
199005808
30749696
2911633592
4070203493
835253620
3978015276
4034857364
759763592
1957633250
3266595510
2110901064
2967650436
1934544068
469978714
491365296
2715138684
2164524298
2275345276
4170610272
1365097521
700357945
3856520256
3286859652
2837464244
1191082064
2357179376
4270490
812909743
3006314096
2212835465
682898415
3139945174
656533446
186650738
2770110621
1390587648
407912953
3061838404
568241808
2792257772
2562763876
2605395324
2842719337
4126007504
3935657880
2814747620
1481231017
1723516721
3918245296
3165471892
2207145180
1501742078
304211058
270721698
3231680496
1210053791
2630152848
1976381107
2994423848
1169838224
2563724477
1869979132
207112640
4027308152
1279543026
1159452022
2522111082
4268462016
3792251937
2171383832
3239615942
854213252
2990420974
1599391223
604130908
4244055674
3708754117
3076986060
2326291660
2171979341
1028028774
3441507911
2727203634
3847259234
2458473982
57052618
879417352
2121155076
2761678473
2253407666
1840086860
4207101436
1705402306
3579227403
3798950272
2225381150
1612603680
4110940520
1620156935
4047218384
3702972432
3834342464
2764533878
1461346442
2956171008
3961778844
2742565070
621306736
2089708416
1729024992
2552196410
1655061056
2136649001
1282248380
3579746522
1979775644
1693167321
342672172
3758973065
1609370424
952823684
2184296694
487844921
943664760
841192764
4190687976
2623041210
1199312686
195201829
2277273504
4077419568
1721957856
3916568864
731277152
1227491442
600386976
3000108328
2388237576
3175461544
3907994080
2978143024
776512882
3624219005
2523654496
2254619560
4294603678
3743062903
3157797604
2319327220
686293023
1463224308
3840612332
2726558811
3098726034
1251113516
276224120
446645084
3133174943
707961432
2936529899
2213482578
1103405614
486841148
2034685268
2515959646
3251680432
3976264184
3780726384
3849581570
105242756
4236482024
2691746672
2278478837
4000163115
224798874
3016732696
975599704
1916994742
2152000897
922352684
1368479249
2668900036
3739314775
584739456
227751586
307790250
1660208551
415239284
72834388
1239159124
2317390448
531260008
3791351950
4163942433
1024659811
1468040158
1734076098
3718954238
2756048024
2006457044
2638201091
581942996
453718920
1428842752
3365825790
2382849250
1814173354
720687785
799350573
2079762304
803646869
182085872
4008718176
2341454205
1129317026
1637964896
2445715239
2402954392
3837194736
1638495013
682943348
2179639693
2496733159
1587485052
3340963972
2318638814
197713808
3703278673
1254799356
591843758
1696184448
1976427859
81258367
3503622376
1903684508
294384365
2718670336
666412176
1888026392
2383981394
1092212596
2068959277
498940153
1967728875
1583136672
1147519130
3787746298
2812113765
1489111719
157917163
2199420667
3018344574
105822359
2444390672
3927575072
1547295921
547101708
3203768752
2015047712
2814191189
1209685031
565442928
1285924572
2300525237
262305738
2264362000
3641103324
3797233392
2328638314
667868204
1697406437
1736955628
2363052870
2926764299
908710972
3665822814
1571095669
42209144
820065076
3812641286
673505406
3319072128
972568554
1736643733
2092313872
3884033005
1066263812
3185187593
1045726314
173635628
2535048756
1701865692
2203315572
2337524242
1019656789
2219038152
1321865328
2564307099
543565608
3266136400
1738841217
337323084
2528536712
800844868
1418609032
72725926
2855414660
1946656412
3392819388
3899510433
3149664802
2695988928
2498131233
793618610
3421964619
592600805
866727872
3202238556
2638168374
68130922
550663449
433734654
3822884996
2796242569
570977032
1174996619
2254693760
1467147864
875307238
1122304641
4291533250
513338516
3228586382
1924647747
1104260364
1262918204
4256218529
3276361356
2877069374
765337215
3070960008
42049162
1085544387
2109918396
981428176
3476248642
1600441920
3333749376
2054693160
3857601120
1841475903
560195261
1599212592
888839790
3656751715
1459356194
1555674144
4247070716
293619631
2149652202
1178263060
3580876112
4036576032
2101667142
2358093472
4126165254
1225504077
939931720
2334737664
1435787400
3286831329
3432385412
1080601460
516677904
1698583138
3945536743
3351674907
3859919000
4191089090
4163150197
4140603686
663593352
2286361848
2436017340
1363380352
2046361739
1329212380
3522017280
1767716264
2207618301
420287090
4031193540
486815598
2250770704
659447017
