458532835
1898998012
398350820
2905311759
2113599130
2679095672
3938294544
3994885648
3013060093
3859969922
621071368
1946740336
2655096324
2797423943
1658637952
3272951808
3829440532
4015673588
1665520508
3272234262
2031866476
2242079388
1264878224
1548481040
3496557514
262877563
190544259
2469746346
2263795712
1915540616
1565814912
602781827
2845002049
1309083344
754772738
3971348352
3800595472
1722367566
2510838024
1991828960
1737490552
456928110
4096385351
3047322992
4142902294
3088932528
3916220430
575063604
1254579788
4043843904
161319954
171701856
1246349790
1048417432
2523227968
2058242478
4288310406
2349103720
1527934679
2811346560
355132406
783917768
3774898576
2936056100
270229632
1700873588
1641413380
736240962
528230312
3910459568
2048737168
179273930
1318497408
91526640
951862296
3062778686
318397613
4246837436
4257650372
1242219872
1041079782
3527470632
3947136108
1023511888
2571816187
3485191226
4283621902
3407546874
1884865604
3756180448
2720027565
1904242532
2592134132
2717836490
2779885003
3513913115
4168567348
1866046048
2337253600
4254725821
1729005592
956366384
1187916283
122336665
314734576
652662832
3975331200
4014773264
1856297432
1625063760
1063407548
2986753824
2341110553
325694688
3700416800
3723442832
4222078880
1820220201
1595139474
1896247400
3512827144
1034417652
1290546540
126784744
1155795262
56919960
117613730
3653913734
2608376388
2519903312
211916192
1772043986
1538921752
2549820898
3470970644
3928461326
903111496
1520295908
1202780939
1518661544
1779663636
3524177802
2330401222
2430302080
160042772
2615557460
542365709
36128680
2433240576
1452422550
1429385690
1159446559
813556560
1908125468
554010574
1459148140
849537224
1417033876
2957347104
877817296
2807866498
1780423312
755739548
1979829728
3022641584
1820739328
2937460176
359558976
2270678424
3474352108
940440388
2998081045
905938927
2282791507
439201239
2000496952
3897501955
1580577372
3162148650
161919062
882719286
3499236876
1235642398
199051904
2086045050
201800256
3970180360
1290264352
4117551385
308773158
593030009
596406382
3109051024
3109750923
2682422212
3899095908
3835477572
1295699075
3439562907
2968240070
2368003120
2747773364
176909728
1449871211
550989584
2767477068
486669072
2975932564
2891631501
1271310862
270244456
4282085868
915699216
2948908224
1031645610
3853217950
1699174266
520089840
597646195
3621870675
4170024300
1281410368
2832907113
2360956663
2443456130
1987699501
3632071392
2615824794
3967933408
2756921422
4263483094
2941038352
3061848928
387379336
1047952920
2377324640
3596701049
541204840
1851523836
117700416
3646165723
1356755776
4223577428
1802853777
928799476
2305008238
2984840908
1050158679
410326232
2009565744
2121918818
3522686508
3750143608
3695973624
1133177976
1205348161
3962513272
102874756
1438085789
2336512798
248274397
207185645
1591255984
139867624
2842294912
611380633
3229811504
4083283200
2588090196
2105830808
3418166193
3933770868
2090439232
3094954573
1499433944
4107968519
2366606864
647056804
2603649076
1610382236
3078563840
2247702984
3000393344
1887172908
3837905448
1718556002
4124352920
2799327280
3204686728
2848026248
1373246450
3089073831
3283624062
2613714362
2406991200
3452049084
637346792
209056444
3838037302
3368532482
2530130632
805857084
1509471936
3461816484
546158752
2152196493
3893139109
2560596136
1408401992
935823607
2553011251
1017242393
2538056198
3715727306
3888466613
3021655393
947497624
1156930080
263067130
1808674450
1337203302
4000113497
2859690752
1458381760
489522485
1820566932
33870338
2249236730
2934329524
2010952287
466970272
309090249
1485667967
2664030909
1485765824
2466104288
1420844593
92130246
1852207908
2182597536
388159348
174016704
2800490304
2686859544
1576784288
2977516960
2009576208
2433843149
1547772367
311581710
565477484
715091341
1271792458
3916230704
1897235018
969066176
3062075488
379770432
3141135182
2236396285
4191760491
185184236
2019522178
1637932030
3385355015
547452174
4207155343
783293260
467052518
3349557820
2905698660
953311420
1113003136
2167176018
277994274
2779042129
2645792103
420728896
3912101160
338020854
3656652046
1651396213
4194593784
2597465568
1466723422
4057806804
2954271179
874985696
437547786
2680957984
2750430119
1771088889
1466706150
273788232
4204082476
646217134
4035777324
1444194038
803605026
3839677713
3912597762
1986176344
2975501540
3630561562
2050328266
2509458384
1979007833
2059498965
2921591424
1994704754
1616371572
3980564332
2078088048
1426487430
2164579796
2402225360
931578350
1127808304
1810288942
692922008
521204118
1571119192
2089250296
3089672112
852140804
4020392428
2943562900
1264416309
3201270140
1798231167
2459915809
2709472881
1773927992
1588907119
3189844591
1166528254
1815278724
3596237228
3568475520
3821809408
2458007118
2949412720
1303116422
641890872
1798848700
3986938184
2818568636
4266275920
1352818196
2883906937
4100019825
943925469
1503150552
708658904
3372217642
2307176924
2177020696
3055690368
1496932332
2452076211
1582794868
3256808760
3989873848
2558128611
3479765188
2718294398
641175801
1406074461
2696747957
836831384
1134552400
1893258938
149373763
1211751636
1845391144
1038253904
383593528
2481020101
836318317
1281452270
670354680
400248856
366639849
3956045456
13784128
3647013164
3349885998
1967097160
3913416104
257043472
3859388534
559373376
3915286592
2718014787
1386793284
876148978
793050151
1780607048
419063972
4192574358
3421087504
1584822383
3225594649
2742548116
603196465
787190911
2763001864
236906928
4144975286
605411086
3368863998
2228750562
1793805299
1928891049
162505844
2070610470
2573197379
1641600168
515952208
2301010584
2371484692
1758652634
2602377888
184550248
4118678456
1418221524
638438703
817710724
4174866384
1438966772
4017670230
2291336965
4286202312
4169723150
198908497
3219100976
3081966912
1544495308
733738240
3217397758
3736438144
3998959080
3625604004
1907862400
977448036
2758925528
2518849600
23859840
847025512
4168329544
1948389127
2622436078
3361907736
1699983172
1175575575
41915538
4071129835
630022980
41220904
2454820590
430250856
2278471538
3615235116
999919216
3337343794
2619065630
1269048746
2377051624
3931578368
3656017628
3517453650
601639164
1015677632
538225592
20204495
3299573269
1894086978
3133556755
1558648064
1175551916
3964331058
879780808
2397977144
2036425864
577644097
68709632
2524802503
3992371692
325882624
1870301043
3642550887
798517420
3670057984
4072561733
4261853360
3229265528
1790552846
382652816
669020088
1903356352
2586290119
1370836928
2013070408
1294035552
422414287
1629809936
2071435960
1606384662
3012936282
2590164347
3836774464
1587128344
12704620
1843485584
2081725858
3848407483
3158119010
1752371216
4154572000
142509374
2675129084
3905337098
2339849112
2072350445
1625480316
4131568245
2439353072
1841668840
1009478208
2223287300
467443712
2971594445
4155255072
2001199833
3511962780
1929812044
495607616
2118049408
2441938555
4280765124
803227154
2110390445
3517200921
601815367
2744362426
536989880
2267615715
3583843473
1461504304
2100381369
2725665084
3795119175
380866000
2047111995
4226242954
1402987002
1375546446
1349665040
514366560
2804805184
3181470676
3029201848
3855963444
1156340224
2041429536
3861650176
1652422884
3050183392
338499574
2497758785
3579402076
2349458911
2790346317
1497198800
2473074358
2282983452
1093965154
3147578100
586542956
2907638288
646935091
262122424
2220710910
2591584130
2301714681
386334752
427652886
2955678696
2194605092
210205496
3451267988
2171192360
3087855182
640015608
2086038784
409091392
3823618746
2159969272
2663097412
1150407488
532132984
46213344
116747930
2455670784
1605723731
2074527963
315507128
2830972171
343012940
2188811712
822635913
2474579338
3014380618
1418153254
2623537566
3330007040
2019256958
3990640052
3783397292
3743421110
3355871709
1451147006
1664830080
1686259098
2954195685
1173352781
746880845
3001401404
1816060820
2227785370
1354310348
194276389
684438544
175712115
1516535758
834292138
799119528
1461429182
777195504
2365801666
3332118640
280781728
1139828320
1356521048
50335891
2924532240
1443556904
3446760162
1167943442
2547326031
3498754948
3572793405
1650981456
3886201068
4067065370
1930357522
4019394704
71551804
353405620
2717853216
1416383012
1678912812
3795221608
308739508
646546594
2265440284
3058128611
2673514213
1707388387
3998398491
1486995191
3369209288
3020281681
1183520970
1473058307
279162976
1886545708
3850754314
2410898972
459075984
242270009
3376331503
1034027028
401941764
1262555076
2452392928
3252223868
3383236553
3834683672
3724614458
1963258317
2705169180
1745760721
2163606417
1324221663
1625188784
2739877120
1999339970
3143141312
3078026976
1476471440
1926729556
2900111900
1031603100
2351514988
3729541275
2347152975
3572261904
563302736
2310227466
2938361400
1080980092
4191103686
2682187545
3926563380
1553457024
2413138816
2647799501
3977582924
214137047
3829747906
1522823614
4033855523
2383184558
777936020
3749438932
2182060184
246644920
1361348588
530049344
889497421
1476866250
2825129139
144082384
3647140236
3788793890
547900676
1614189728
2393076438
2325157247
2798552792
1854866472
4138733552
2124288384
961785656
916582816
577091440
3901136700
1600808216
3668768221
2801788872
4070017380
1846769596
972889416
2007574042
3948033652
3703243622
4060499978
1427221624
641948668
901994104
417445032
4092336792
1305451430
513631276
3416439712
3420739892
232885484
3417140240
2060377296
1845642736
2463836720
3200202720
1852870528
2521797528
2609767304
2176965206
2250487382
4241702890
1401352224
3700865718
2720140648
816112012
4191269324
1888155279
2258616848
1982923912
2376169012
2945559348
3865293888
1324620385
2364641556
2174363784
1922060288
3970172632
3949316472
3222580347
1875456008
3299033242
1604434247
3917990119
4129065640
1698129004
3517879662
1848405399
2906704060
1436084393
2417802232
501444196
138857600
1010187296
2757296765
643009954
3637583776
2459985106
108385568
800508760
3953802099
152641980
2164694604
3900622732
681546644
2818913696
3131768880
2981209365
697196824
798104872
1443136637
1099238912
490195957
602531228
285886188
3024933760
4084514446
4060913564
893642496
642677736
718783808
402170567
1011301196
2331128929
3878247919
3868759512
2406208640
2491701770
555089696
3255484160
1546585322
4059638217
3068175168
456828814
598239792
3683389000
1770852985
230361912
1347133224
2345315246
2968098564
4127738628
958824832
1160951584
588127090
2106445086
3417449770
3025179504
1748958001
626591883
2024036087
94401802
93516621
2521376549
2943077023
3835819104
340917777
2119374440
1350767807
864011344
3421682770
2682454864
1189601260
3294328256
3829382998
1012371720
93964871
3020743718
2552183940
1050395046
506878596
1310210592
1586040139
4137653893
1504774060
3213336648
2699145472
3369282442
2122799564
4096609878
2137112096
1853456964
3035245040
1421199984
1392134234
1954790832
549295164
2708758784
2222975488
4288979758
2114101820
2140961046
1068812394
1018664640
201736776
2955806692
1123045534
2403842895
149292694
4251657468
2207009152
300432268
1101745639
826290176
2088344825
1033768962
359525021
4099879440
424795142
713606780
4169737220
3659194378
652699736
4006717714
3684132420
278189592
4092975040
109090660
4019400620
3555357634
2898071275
1247458906
1693707878
1079465056
1192405968
322234218
3120833331
3594309920
2435069008
2923114914
1956965358
732124555
815040538
2124354342
3801009651
4084334154
1502080960
1848239615
2868803881
1666412076
545370803
413846586
2343151872
3339403728
3934265805
1714540032
1299210656
1547046336
3672765508
3294919072
2429513426
3394664000
3066672364
3821559824
1937520842
2972384400
3431854058
3448813272
2383716010
3910239302
3363864583
1110817331
4000892508
1758986515
1979153015
4150252382
2693869128
1383326907
126018368
10303212
3646590912
1974084758
2659610304
815768160
3771234696
2090633800
2730917312
4208530231
2977243141
866119600
783565652
2128740540
1760951220
2788269796
2258383467
3756132668
3634757572
3375746464
755596488
3293874972
1967849038
1924842454
1239267685
3692573795
23493248
3460618320
3815187238
1602032392
1653373942
3117423324
2085482176
2645987196
942984096
1624165100
3645852884
2834667421
4178173888
2680097128
3424630300
3647034694
3553776413
1951622700
3898542802
1781270396
3781325341
2386631117
526199036
4029626160
2177040998
2385870680
1579804733
2183710400
1332044800
306219022
3335941294
3285916153
3636217754
540082056
3048375466
2065088854
2958425414
132683682
1924745588
1213153067
854133004
495361664
2048530048
252220426
3587584778
2091585472
1711414944
218993344
4231838436
1626426510
3352210154
3470453728
4073470002
2485307200
1994118647
1501925904
1089930326
1843035322
2610615763
3330268104
1351241024
3089899184
4019621440
3348659362
3363450806
858000668
2916011558
3105100155
57449212
489039004
2848984352
4019641705
297642634
4107849684
2657589672
3176094910
2468114964
2175519798
3192348315
3728890948
690256702
3542378792
3461003544
1689103660
318237176
1919439074
3912437806
996234216
3507161388
620091648
1463220202
1914296430
3964160724
2771385418
2587674805
2058627072
1291935180
2781741080
2061822217
280114226
1792548320
1696514496
3266686648
1126384448
1958217772
856261492
3127463044
1969477818
3880278522
4214631804
273011132
282417572
1535963992
3081203824
2564169009
3336235648
3602012019
2261955072
3294408785
1392564242
4114027642
2809880988
3865899592
2185959257
1691515360
1408144382
1593841438
3394412186
418586016
3053775446
2410402098
321472769
2578786273
2834984144
2511659376
895433168
4046397078
706645760
2253361908
1280910304
1010063377
2740496414
1451980648
2096202778
631010536
585423121
1414732925
3877368718
3614095680
1686994488
1849678060
3971418332
153001054
1078544366
2011381112
2770188968
2880607887
1607413075
3378789248
1772182242
3210753578
976626689
1599612820
1884470068
681544684
1562964160
4166402136
1728122032
3052577874
4223416932
4199401442
2082675133
2135043884
3446079504
2694701736
4274896320
3323892240
2630765854
1416993700
1599394344
2180171865
3123135092
2000308232
3882237072
3165855116
563206656
3302593742
2818709159
382090882
3068829040
948599296
2234103024
3903162637
2302592314
3122345840
548805329
1003103331
270171280
3254808472
283083572
2798377240
3499990796
2905218966
29497304
4236090756
4280143376
880579024
1392115604
437925177
432410090
2665107040
1270871648
2102031912
1600486884
2764318872
1380033536
1156585104
1421907152
3334714124
3597330814
1232954375
1237500040
2373811280
2372963872
3785592913
1757676098
357561800
2104165617
1173122560
883699440
1791038016
3834629664
1877353496
528202215
2775211370
433849362
1049567488
3924627574
1162160998
144428691
354278338
2598205888
1826367577
2191930334
2924304284
4129201602
807280546
984044226
1467638470
2485690545
2967670080
844458400
2247879698
1593255552
3599562200
3347431039
1806163492
3317317312
2362485387
3682687894
1753369915
4032813938
1004447714
4185341604
1472808870
1831918806
2435306102
2361867068
2716775039
2459296680
657129462
2209680944
665117842
1583156373
675989192
3293282152
1438135848
3365222848
2796042676
2796489029
978434932
159519420
2125453605
3390719064
3954251528
2898196722
2734541884
3648115586
1051633959
685466865
2972666604
3854678720
4216326462
3486027054
4282744384
2361142040
3116565309
2249123642
2793899108
3230463064
4212909049
1703119196
2534395172
3775637000
2236819026
1722250495
2386353500
3865442940
1120267200
1174166324
1813534088
202641466
808796992
173579840
860153542
947991528
518553616
3694449376
1415905888
3479620096
3260936508
3281529168
1019625392
4289455116
4256923136
330547046
3472993344
612496180
1460687808
81104136
1519476496
4254299513
2540734104
365071784
4172714664
518935104
873863227
3381556189
766532164
3463991450
4030442526
1434712768
22207595
3166109430
3100108970
2126865547
2472143083
4115794561
2911492432
1237775175
818293326
3884485008
1499139256
2820888528
412922908
646405034
1225345855
1347616764
3581171064
3013127692
3725627514
2797066366
597100295
2333497110
209725326
4044124264
2318195838
570927196
4121084204
730986136
3082835290
4023476120
340846437
1436916208
1870327964
1264883146
3655672391
567699916
2551633876
1339136896
502072828
4018758252
2285617796
2883049757
2898515888
854072362
1213146856
1742281632
3219412997
1601337174
4014385366
988505336
1735773753
371106974
3989060806
3332916451
6388855
2409774880
4024834312
2037102150
4201909872
1195859260
2182343650
570021952
2379291819
1239657758
3551899136
3016047164
292652480
4192271080
3306124528
599042996
2640899334
1196535268
1642483218
2266809944
1844204325
3926898875
3343574572
695021847
2548545880
3769063713
2269698658
1286333163
3211051489
116858270
973463601
457280224
1481050584
2850488610
3900994177
791373497
1750018666
3555498952
1590715951
336335704
683760792
2388655756
3455080938
1048589536
4272837680
3366343784
2780236209
3995424608
1727330516
325148904
1071635216
3819130298
2777768448
354831696
2400325276
3121161058
972924852
3032252545
4277302548
4228190258
3688429748
410645282
2400909976
292623615
962494672
2420917856
671569616
1228479848
44413376
3897686176
3778711816
2716243040
3691056960
345231551
3591548297
805858836
1703641450
4277351501
2206490858
103881254
4044388096
1073506495
3284562927
1217589937
1911478828
3792372722
817751635
2291199973
4130169793
407316484
4029026632
4102726016
890373817
960934392
1544087354
4237114496
3628298483
1542238443
3937267477
2123980264
3275220177
2464705952
1210487647
2116460600
2926817086
2053174474
3417254298
90044389
2172542284
1438640960
3044686123
387918115
628188736
707695212
3432694916
3705589024
2868332908
1742939584
2757664920
245431609
498069444
3444394552
1650713680
2911724101
4243266743
1509759276
2588456208
2040332594
3115660466
2107952100
319985783
2034975114
3428485120
587928631
4074462548
2222513940
852704743
3968690201
2362264864
1484528516
1261872046
3837993360
3971192064
171420559
2144208983
1255999652
1700812730
3276268025
311090900
1317740256
3625998439
1598890624
2542221234
3871552256
1063772712
2950913062
3182509264
899952368
846954279
2799934700
551300676
1574588501
732536026
1598479432
3853480170
75437552
2628489391
3693419504
1499683976
3120456696
191262260
4016131712
2015875678
2297579832
492212434
3118917108
4276892771
1594929320
2305365736
3419441112
3609344658
4260105174
4159668624
660374787
312146401
2384032958
408976716
4001856402
3782976118
2840957939
1309261448
2526426536
614578884
3033287189
2030390380
3674530280
671953376
440146296
821756724
3011978018
4247124700
3009257494
2906482948
4265673527
501743086
3479083264
4048764111
3851943300
2363803916
3001152876
1970501332
199213562
676441442
1133479232
1205936154
2709298464
4168115009
2546238008
561702472
4216338442
544722640
488757088
312663958
1186305376
385781832
765125923
1363964708
2734414870
2179426356
88388207
3963698568
2487879417
3028441180
365445928
1596952483
1062979340
3345483855
3709513532
5265355
3577454832
93514496
109166512
3148820948
408626948
3444982864
93157152
1687084096
703642870
1657950351
3325131311
510799449
1470616941
761077015
3710230560
1612428814
3234417496
3903237844
3403430968
1456943544
1649243316
3674743705
513456020
2795803887
881952658
2383164441
2044999000
4167360907
3943638504
1269588368
560532968
1418703988
1767537604
2825034834
956375484
2559322202
2307172242
1583173965
2400019036
1633848405
1682133303
4150395557
3229876522
1211386013
1532526448
212403125
3897733730
2289165322
675986372
1477719880
3820411208
3299546641
1670073960
2927356972
2029440384
2750761724
444207784
96996664
1559974208
675883413
789294024
2116578178
651814322
2542820129
3035779851
3140488045
3537958960
341550368
581306777
3142879973
1302507305
1597091030
2855151932
928473597
3234048593
1818505190
3066956408
27822494
4088669108
2790403079
3502974816
3162993018
326869008
3466752976
1644776278
2220463712
2390420305
2820430704
1483813756
307698208
2582149674
1753309864
1771749532
6158984
327461022
420952396
3977223090
2470575649
2894920864
1707009684
3686218380
2900800584
981731412
1354178404
1477576714
3159499200
3952829800
1550275359
4109953106
1723294892
2684648056
2624216424
3453847576
2586439780
1017653468
54570768
3057982460
3154136892
3266952508
49151440
3173375796
467223208
1909226024
1073392104
3676712940
3947699277
3737538116
3032796388
1110494594
2602693488
1559654600
3447216451
219019211
657407748
1519919744
3968072553
739412079
795844696
2786983132
750845778
1719830328
341154956
1203867710
3800720095
1541366952
1692168900
2108665124
3590447177
3656640552
3989823756
3127433912
3251357416
539071043
204493090
3003974982
3576523140
2332390856
1608959808
284666875
2306843632
3934693084
3716119544
3888678328
773493912
3274221630
2395475468
1658717902
2222719980
885924940
1702391336
3111113102
4192764184
2000417740
1598874283
3086924848
2432710496
3978662684
1254307398
2179746872
2897395349
4276182492
2003143746
292888074
318357823
1283569808
585456192
819556352
2897203285
2936096140
3057511704
873578616
1086267028
3758603597
3816157472
1930881898
3448810908
735886681
3467896716
549957995
1611104368
4211794128
3723221546
415862696
3592344153
1539562272
3137069500
696863334
2132673892
2191928866
2878480996
3389959032
749581740
1954909707
268429903
3184770944
1374794648
1262009154
2479733920
2434099340
703341720
234917141
2686967060
1788390973
2109629932
3508005032
3027437216
1943499368
4034885289
2832567600
476154898
2430388702
4242558872
4219449960
4229419190
1126233468
2502868064
1476174607
1305351483
4164309480
1213919158
443759358
2728512888
3993999790
3424441307
556284192
474425999
4149191151
1662709258
1083776181
255877244
119261216
3840764136
608380928
931395044
4004318218
1074455202
597071440
1922552720
3350925014
4117887321
3799395899
2171946313
134096120
3071602893
492572282
3220034157
2580353692
679890464
2581626670
1434231056
1440574008
217369104
4126648013
2037231212
3508939791
2590453520
1251006448
1572731095
2547107856
1437377088
2165176664
2040049358
1173524406
2781107936
348841376
3780400220
4063757268
1267797169
2793116213
1510355132
3863550322
3825397732
256603129
3853289304
3002525730
685129204
802697950
635057703
2342178623
1213887292
3559370841
3104358180
1935134556
60820024
3579376014
2628498339
960819380
2409962826
388340470
3331496738
3402861591
3663593554
75313984
304942896
676172476
5646526
2221436586
4069442944
1707327938
1256618047
735189316
1775411532
3957388090
1270225750
3124360938
2675529006
1283287406
3805639433
556154446
1226759680
1292973620
2584515630
140471424
891554004
249917997
3643524140
2455545932
3473786723
1900874264
3338841344
1639391960
1709138062
1067974158
2033341506
3844058402
3934487256
1443270664
2008221288
3319281268
2830397016
3644231738
1418902672
1975380596
1069467880
2456875072
304872624
1507189808
3073405898
2956653590
2708748592
184314496
3117836632
1462791770
3049138618
3113607168
871925786
2088994522
3119856874
3453621816
4130436024
2733229440
2989616934
2862501208
3973824078
1864154664
3422496056
2574386376
2237982657
932935070
4093011304
3591991916
1716466606
3662102631
417114890
3288812945
3070505244
853416382
3872537260
1078698608
2481902646
2506732996
3690153170
630221470
3235839328
3219637628
2912009704
3410799936
2848331488
3278704220
3311566781
391793908
3997324064
3415809640
661642992
3149352150
2636901068
1410744304
952855384
87975327
4268951668
1650728452
673750786
3112162352
3567047240
3238219260
1389715238
2832934403
461075420
10864704
1363187145
4283951819
1470570566
3231512122
1599373286
563986410
3149631734
2158176352
479787816
3144568660
1755351780
517093329
3712978000
148772035
680319872
2468804258
195182532
3752867656
2094745709
1347211488
1698143232
2293688157
3196555892
2105544906
2216493312
2154439314
2494286348
276908383
1279620042
1905254700
3853525768
2693763837
3989430102
1904998066
2491264650
3248270674
4035036912
958449753
1126755872
1684481549
2821597108
4163832976
1837947204
2944100224
3527748012
536376974
3959965756
3934595577
3992221440
2526535012
3916024576
3251502069
1381745476
129634144
3548172288
2921154932
3658986388
870799704
1363241530
178085392
994003616
487319433
2754210234
3200920628
2838393260
2646427418
1219542760
3823633893
420804312
2299718713
2392201748
1963859448
3472909082
3674068850
2206239464
4250516113
3114653920
4056789057
3840906289
3788112888
4243245784
2338321224
466714612
1929729808
3466638467
4090966134
1107199436
2897028876
4096349832
1579370755
113484882
2245819776
1316318543
3447095756
1625960020
2893695686
1418076906
555664576
1302217592
1887619149
632177332
3881043780
2077294477
1431513814
771503236
3062495422
3298321912
4249413782
2228703557
3033111920
841890172
1042908128
1438169135
3842983256
2930410416
94868615
3803235775
660730820
4087771133
556507468
3595295011
2368429418
25991889
564015328
4102582642
3780379104
3293620032
3328333274
586587539
2795086336
1400676979
1087862288
2829328457
412456798
3421459254
1701001912
3541217567
611351638
2163821576
2050759648
4217476076
2060262060
4061741814
2909638982
3265442432
411982924
2923095158
2287922542
882672916
2816751027
2805766848
246719386
2485367359
4008935466
672085672
1510918096
4203263696
19749912
298386280
3836286960
130881769
259254129
4017999176
3090877184
2506772304
890323588
2908692062
885783516
1616239028
988848465
3288053941
3354105288
4207259764
2848916272
208237636
1625543038
867222084
3559253326
1023565673
253278237
2639388050
2731353948
81252325
3269392570
113365906
1321226212
2369546992
1645893410
3529039340
1062184470
3543186340
487186112
1778335514
2060697783
2713376224
3694606016
1398272865
1625391576
2548049774
1867512488
2223211115
754524009
2221793616
4246919805
1971148310
1170131406
3394666999
3545017313
3462465717
4054763416
4157677057
3535801625
790575124
2260346376
1728863518
183757524
4076846824
3474125072
1955203140
1409303588
958166328
4087842232
1754218776
2122605624
1016004384
3995989996
135749332
1971187712
4082543714
3562130897
2391780488
2188903515
1141108464
1441589919
2310810896
2236201522
844086472
2869564060
2998413377
2988252924
3775361408
629372359
56625838
495448532
678152757
3339513345
1296522732
410102328
332003693
1431989072
1041950736
2314112072
1336685438
579786315
3053966371
3162532091
459794565
3725430887
1962386176
3447470311
711243103
375478712
4093847212
1875222611
1435078093
3597600756
3094228424
2206994260
1821054629
136766231
1939171780
746184598
2841371141
321486648
1173570845
1103078424
3179085235
1367302145
528988107
3357055768
906327699
2864322368
2462229744
817016180
168767964
672700968
2888883382
1530388652
1908823808
126804361
3864473931
2823848341
1939062856
847952372
655964766
1224979088
476418505
3847893824
376622290
721129730
3572784547
2829506192
3413740147
4142838136
2266351822
1781420712
3824918896
2628789274
294589448
1073112920
3035383112
2651372160
3292794996
2679257922
2152183628
272664199
510462602
2641361943
3379366891
1438559704
1498451866
4094438722
3856971312
2340792848
1642577108
1442135346
4043660756
1332563042
3564295362
314027840
1202650080
2541923704
1122346304
352174488
2081043912
1005430315
149047976
3123086927
3522948733
2459912412
1461403039
3879918571
312514218
902383225
1375099906
630907104
590023088
2727265577
3327821860
1460125757
497868238
3394251816
1988673558
2127227109
1168953600
1359504284
3771715224
1979703590
4219904424
276981147
3321639436
1288811976
2556360096
3945704131
1972382054
3714219548
2046527931
3276562066
3301299406
2407476283
3611796334
1361619402
902016264
2442458562
2944487722
1200481183
258944817
1158311836
972729896
1461552666
1071988738
2970016986
75825100
1321943280
165632202
1478128938
909784846
4161769184
314814947
3336581504
3862060321
1342204700
204556949
919423664
2442040848
599535853
2688906630
2549338664
1231634726
3399118070
764213233
102750873
3684132936
3195205468
3308946549
2759196984
2229590755
366027340
3023853046
2770611400
1060607116
1124073824
3872853748
1095972992
646425710
5357346
2684952036
920502098
2176063560
867733888
4038467349
835095422
748054768
1967519816
516544964
3112194396
1166762752
64488000
982189571
82348572
1415456882
1735388064
3891396864
2796974460
3543150976
347351378
3911720347
3125533528
4238688940
1946912855
1883674722
4029187922
1163515228
1052522690
1094882915
3182707590
706159799
3098644198
2180103448
4259408568
1484695264
268537475
1218149056
2137668492
3696946832
1018315664
3801891284
204985828
1054149216
3010474912
278137162
3197060416
1734555800
1364591048
1906920504
751832331
581487870
3118157124
605762720
122661582
2706828050
1004458174
3462846432
565952160
2314766152
2666523500
2380588559
3865929631
391084089
3787726300
6682060
3941988152
3520592924
2060611136
1227772134
3742130928
3466124671
4263915645
2348371596
2846129900
626384682
507808432
2685446178
1678291156
2073663667
631067323
1137001926
1895204480
3195466390
1905197856
3664027850
3358214190
1172432998
1811990888
630127616
870903784
1233221075
2286043227
3643574666
2429216134
3190613482
2311196316
2025546792
3150851786
3777525144
575376510
3543768160
2406109384
1310458307
1498771846
1561192264
1711215120
2024286564
1285105400
2428340755
894166828
1811630772
2286376112
4276920515
1742204816
1140510180
2951603522
1860956028
3448755966
2417920520
2771312004
3659995876
1974530111
1087489680
911497920
1326030256
3983067168
1904652528
1612353886
4375259
1591011230
1455587842
2065458120
592240752
2806607412
3092977658
1540818444
2566948772
4084285920
102851244
2247266624
2893109270
628286430
4219112256
3676851499
2555957376
84388892
161909472
3099935976
3624284336
3568572188
4171405501
3737281124
3342351072
2530770755
669532876
3178765290
2030363920
1024900784
497465384
902531336
2026506882
3781393752
79877702
2428029395
4234308750
2122800672
867969903
2040860216
2282495572
2918763798
2511509330
454307020
2470090688
3025050072
2020378632
95851192
2592312560
1304229484
2297994254
2069211871
1080837246
1286946672
3321073888
3104998512
1333355202
971998630
3647455379
2325301601
3196085175
3831550615
1844526956
2696258592
3808352995
4069083800
1279373444
2084651928
2965423256
2286800148
290908896
967936598
1373950654
3031706378
4021988500
3009758547
1352971792
4102025767
955223120
4126078644
1451297272
1029944120
3639481972
1969796880
838750852
1440930005
3731252876
2233038533
536895744
3596031144
349584288
1578307232
3141609160
3192702060
2061825691
4290277868
3128983960
1421144136
434338684
2583366816
3454576440
2636229048
1699060520
3083875770
2604703241
2052198272
2754973706
4243419061
3677523158
582864128
1498104357
93769619
3419176448
645007144
3474527608
1971664050
3271902884
3762511174
2220324946
1514705024
1816648503
3389946428
1168303916
2849758504
2784516566
3711801910
926354555
1924100355
2343984128
3405403244
1494354767
4099912606
2592586084
2995631188
1834959700
1135079616
3753685241
1542608944
2408416797
4258960852
452486428
514329088
750840053
2134915584
3108742112
4284075034
1673869440
694935833
1397225928
3608296518
1404637241
3375770184
105450507
3181579551
902283338
4281019240
1624911352
3500737288
2265643637
4132429888
2039472789
230532614
2123384812
2313855078
550935379
426502266
2470665384
1298830889
1149827291
1840588584
2417936102
3513574843
1680079868
664892368
2729995692
1536979976
388194416
605609651
2112570220
1111884024
3093509064
2423877079
2172145846
3068834728
3920853798
4238944764
2297610712
2929238708
1444206882
688781172
852042038
3474045848
2347268040
3779935088
3367166628
2672183967
1700651528
4262668994
4052236956
2224768188
4237990692
3682226956
1738494154
3847576067
884294788
3357182010
1289584584
232753328
2885390917
2966986022
2564550428
994209278
51879378
804581442
2709640786
900153602
2026578220
3670936792
2885433488
1283187544
978841209
1979253790
786422486
1309357852
2985639751
2703573832
4128437667
796705174
527486869
3583017936
684169894
2556560262
3262088223
2938860740
763021570
1880532961
3694350548
2422224896
1193278394
2217759552
4153572957
3993062226
4085039124
1020351412
2095779966
11002850
2438234120
1357323832
2539855755
369941060
915931025
3111963382
1227323816
31231476
298176204
3465671808
3746807727
506846928
4132201882
1660842768
1385125612
580788492
1171361834
4118565292
2003301540
3800879700
3619057572
3579689944
855168881
3188458233
931757125
3838098455
4072528526
2613305456
3076068262
1354595612
4288726384
2689542400
2267316948
4199222207
4039451960
1925172130
2598912089
1062481300
4080508912
1285604836
140163799
4177525204
38031080
2994345764
1428556828
3615742574
3020396648
3223325145
1581705984
2955293978
205348616
4159861664
699203048
4077503172
2224107340
1993158032
3057637152
2515062911
2775906689
1882055372
4144344312
2065334006
3111341272
3917628903
1875712353
3314865200
2504758129
3529689364
3785039560
3766757673
669374278
313753400
3620321136
2090704908
4253373168
457544226
1214713504
1352056706
1708209520
4074501887
1935158148
2469884368
2926607240
614569166
2267424113
1445273936
3567786749
4187207368
2840747040
2933953344
1210398388
1940527990
3651232080
2810785608
579903502
2478842984
3283633300
3108138512
3935564336
17048064
923599078
1903515960
967127088
2921569984
666890208
3551616768
1032515393
1143440544
1737572700
2839128446
1900675262
1126729862
632831588
2211459682
469447288
3687886160
3403944096
849357224
347701042
810573756
721856864
1339944224
3192153077
55250652
2296624880
3959310407
1293709032
2413818556
2666791460
1880497736
1945451936
601029028
339210544
4082676288
3346241280
4078625790
1179002848
71296448
910755360
1407728628
885646701
401423007
4002310422
2398798548
4185632728
1971757820
2409725478
1931752864
4291670004
149733976
660421632
2835689094
531942504
445544494
3808432301
1743854949
1892204992
421072436
1926151644
2154627956
2723157541
659382540
1881312484
578802830
557646760
2204933893
2179125438
417881748
1891556448
2949552764
1824570616
281852384
2475527376
1495370432
2497378792
2667837336
958820690
4237867833
2845919379
2088215068
2006626292
3265857668
840622974
1804268088
4015274120
1450828454
1572769312
144173056
2120175334
2873623620
2700645966
2508882016
1331442944
3727698844
2773681682
1449398848
2871573408
2468631384
1296132426
824466456
3707201776
3052090313
3257087621
1045626770
754994775
3188216269
3518521248
2431672776
3046161516
1582916396
684034200
3139662900
3858595640
150826104
1895574080
2566677040
1846372808
3717887604
1612615948
26837648
636934270
3433814152
1341170566
2441603636
2891993832
3358958520
1825706812
934458456
876726968
577011888
3375020262
113630976
663375062
3212053462
3169008804
3800590972
4092493346
3118089410
4266036514
172641269
2418636544
2258609728
172270262
3574688217
1499495184
2799087300
2202833104
674216679
1802935865
2975832576
3499523753
3182397913
147493177
3338179470
2675079288
65415201
2164834212
3687291744
2541569108
1012993426
2316771630
3027519041
1828799556
2421417332
649163366
673364510
239180733
2609172518
517762734
2147137406
2398994352
656593016
200980683
1289515280
766294250
2082586489
4183004254
2445284861
1257527894
2873826184
971862852
1035059718
1269768322
85353772
209246290
3743300646
920238932
3172891724
816463640
3515314436
1235729258
3782338123
4018234904
1662386958
1783207186
201350485
1446494848
68141484
1354125176
2883869701
3408624456
1050398285
306790529
1640423500
3668859384
4046696144
2383120290
33764557
430045392
359291310
955904096
1945682408
2157605330
3079220036
3798941907
402581631
3071231458
1868663624
712861284
3103646448
2884043423
3859853355
3844164013
3192118869
2671944238
3483986336
2156356198
3981755736
3277073264
320426788
1797025825
598649748
621674898
3252656770
1281357449
2789783746
2384233250
271321315
3740621936
1936509320
78337763
1171467636
3915040358
2290273634
2281701864
944609012
2230597304
2488386340
3543439653
3473454697
2538745457
2297527142
3017996549
388405575
111681784
2547714390
2418861394
40832928
1124992644
40673630
198087888
3553224372
2672008469
369870620
4279545168
3869176736
4088713977
3689693740
3037229740
2339605677
4116841936
2992735872
3391186256
3533939276
2549087752
1105959694
3739710024
3783493716
650982470
1121214720
2100428568
685336444
153188781
1077455516
3665816392
1791026980
1419140620
218484992
1565697024
231834368
2346366024
1511721952
3331742886
2697942258
2102452788
1541682109
1383643414
3163811808
3130345373
2957311276
39267784
933928678
1911493625
3159423766
674176598
1017731840
180043498
2615557034
884608766
2560522297
1855729824
2587253844
1025979684
206304872
973086720
2561326636
2288193120
3377381396
1628291556
3759686983
1611356356
1564953484
2108742872
1577433136
4052049671
3435775576
382317464
2625185913
3659856652
59366078
1968713587
2350076426
3014753604
4239924548
3633995756
2354018272
4198457987
3573604912
2501993604
2006510480
2359751424
3658030334
575898796
3221755612
517939813
2306337248
2076767790
2632082894
837875154
2948775222
288714264
1692125248
3688171344
1357774615
2721334588
319115449
3257873059
1258255132
1448129564
2224414498
597908108
2829739996
3922537328
2082183448
374122818
262449264
2512986352
2633098992
722742080
2239359680
3313198114
3463785208
2948397103
2240944674
3539111832
3761522302
3283285678
769302346
1819488491
2822060012
2859529657
369221894
57681428
1363794342
4188381958
115927503
2875675268
2469114216
105769348
333232686
974046848
1848976550
843208432
3718615052
216045664
923644691
2873390342
669896610
2373460380
515061008
1519810510
3554404788
18893038
2031114808
3164252352
1518373088
2515459357
1170824672
2780093274
3393093712
517058444
3686604692
3202990159
100716652
3985460858
2812807503
1288565693
3257759860
1415474258
3052944575
2941943898
932077046
1361839798
1782084142
258641436
3247577347
4283176260
4280157120
3505005394
187883386
3670107936
596376302
870876647
2879229433
1401855998
233481264
2674204826
182263784
3386642784
3856127484
1656030965
615326620
1181594708
2223653362
1388590087
1817967352
3999192656
1055540293
1805811936
1161252432
663806598
264453073
3908208978
2204137400
626027466
4083764464
2943460658
3261008914
4025852953
3414647818
30224224
4093286314
1448421496
592250858
1950555120
431870174
1116860016
1821123246
470504848
2235470760
526174528
2882403864
3661174558
1248950284
3732207750
2480580122
1801233026
517713362
4027032016
3522023232
1464402711
2247931296
4152529488
3914974758
3863754416
3443648744
3635229263
1276441672
384373614
2976744528
2230175057
3563218924
362700522
1578128848
2295218320
521565264
1142042441
3413703467
2837414232
4255758699
4021136256
2838072496
3120142048
3475949164
2001634562
4107132992
474417069
1530054201
3281753984
3438440806
1349987486
3962147136
2005996420
2874929967
1475600608
1714549719
873660412
2205232560
3622660920
2889929640
2956634928
2280312322
2885881896
1249964774
1373759794
2729518224
3406072488
1486083040
1232622846
1817595904
2734860756
1586014485
1096741012
855264081
3706444059
1973909582
3878122832
2029605656
43766998
3739886250
3601531136
833564756
715840245
1751964320
882917782
1035639319
2059492006
464476052
2466512742
3839996052
3605868039
3614365998
7339236
3261852680
1418102639
207438776
4042918016
3361933296
335895844
418075384
818011648
3700169765
1074093472
3324893880
512572148
927972832
24281978
1235222304
898095002
100045334
3558794118
3420217728
4111227832
1649396632
3403172339
3795571408
1942771910
1591333562
1388817836
132779485
2040915712
3765231200
1572525448
3928922656
3922540220
3337948692
1702819414
355660087
1557094086
1080637284
2904660524
3785388740
1721228130
3619345364
1639619807
25836675
3034651284
599397064
1158633416
2671882973
4250960041
3152821440
2841552248
2817168962
2163536724
4043524292
1082742461
1848218868
816298224
4076863144
4161573032
4063480997
3318406632
1997282130
3387165748
2589086876
4091925324
2412933280
1947552900
2795682156
2275020192
2131052022
3468950470
1691426788
4272434904
2635439624
3480960844
4132188218
94759536
1521636669
994655236
128265748
116042929
3476587160
1565197072
939363932
1927640605
3802489572
1184787456
3488637100
4125999637
2371555381
3967278670
1789365744
2841509570
2585882538
1961552562
3358852546
2397661185
3217484145
1030131666
3113932146
3662895838
3636059918
116077412
3948953902
2337031584
454651669
2231085063
2334090156
2317433024
154026542
3347892332
2901920086
2750466550
2600518423
1626387823
4113858560
1340606336
1174192060
4047712546
2016596861
2332590588
4103904812
2655507474
1067497024
3264776872
1367806464
1955385168
2549724988
2658977278
874769322
1371626851
3192830912
1144877692
721415264
2970497396
3811821144
2898160564
468830904
4234051690
3528105216
4203444832
701434072
2510696784
3935073474
2988870732
2906183546
724696970
3099536510
106152054
2914190331
1234635696
1349815719
1428061976
2823202448
866041476
2737252898
121936811
3306589219
3169498758
487017836
3698139196
3566789960
944922474
460414304
2046375900
809969937
1191560552
246956696
4060876192
3011840577
2489888667
2855214592
946229248
2444778164
812889222
3483744834
3723557028
2836605336
3043294560
1202024096
3095532128
2939604877
777465856
2953177176
1256533764
1645631470
3776157931
2164838276
1505851325
2040191556
1250966904
371256656
3703664324
968735982
3694773718
2717428548
590926072
2367169116
3623782617
3748099475
1609714877
2677306980
165466730
3832057816
2867387752
2847864472
3472502608
2492961352
1673547716
2816591174
3542885304
1865021466
2929799472
4279528096
2645766882
146941226
3575988260
1063792320
3447729909
878496248
1832297632
3257444604
3252592406
2386205824
2648548258
3855552520
2493615328
2367580652
3623747838
2704416381
466645274
3824469184
2346924848
4197708054
1783526432
4004892768
2374725690
1752093495
2573503108
1031608270
1314030748
2602891318
2857701272
2413500218
2993457040
2081962470
2623538792
3680083576
982840408
1366511318
2675123574
875282840
168035234
3911474944
3583751932
1622756500
1739998592
4203346409
643720233
3072690129
609590756
4129444474
2491191244
951516496
1409555070
3865167669
792730432
3099465316
1897607016
1029599810
149867408
254682172
881451238
559434272
2505659291
1241750288
2995723116
1854250119
3218775038
338665584
364616332
79769136
2549008654
505229064
510452202
3024396740
1818460842
2110563256
2211263065
3847992320
1070458208
292442560
1014444362
3741987527
2135859510
2711741966
3016425150
3299830486
1964001257
2897995196
2131306206
2778194906
1339105160
2794889408
1260237416
3831047421
971150876
3979248212
2003617072
4171986380
4020953626
912028594
3355609168
4263070430
1525526095
2854249216
2355974414
1740588556
825144396
2684948604
2432336384
2116139936
2856665408
2424461313
1520176769
210185088
900681264
2602782052
2202690336
264033349
1499977452
2965580829
3339004174
1431557136
2562119172
1941306977
1117472150
857227726
3602637552
1307399764
1847677688
2205569147
55512544
889615652
2160084680
1095649992
431100535
3478421056
368899317
1470177500
2740632267
3245204184
112195680
3290743858
2021711376
1078382752
2627196368
663464650
934393242
2670488194
2566037656
3606098940
3783557014
2550343416
83728231
1783444628
2939902464
2202545088
377485395
1593835776
2083568557
1995534148
1221145449
3235816744
3896555644
743687636
3931750964
3874645816
1272788618
1987157937
116468338
2068677674
1167585602
1560625682
2295005328
584055696
1012355623
3769108642
3663692488
1240114580
4013829125
2535485188
3229131043
68628040
3223202608
475274712
1552227864
4238312406
357363202
2863463552
1331595367
3330059852
1600870550
2800806464
1966018672
2396974688
1653307238
2796903726
682793832
2487142408
4276433732
378846531
1329190964
2134942824
3639324274
1707567248
1762352104
3831549032
2868886776
521346124
725926843
3753055612
1571079788
4124995584
3388429374
1874340780
727039538
1245263086
993230929
167051194
1742332652
829977492
2663645520
671899840
1777198432
2622079896
3208689035
1186358787
1698171040
818961524
737081216
270225798
2480962834
1273256360
3129497056
1483282628
2778472772
2992349858
1129627140
3713810912
1725894944
3856568599
1814571192
4017549970
4168391890
1294803224
3995435384
3304044856
1672087567
698939694
4145858222
769869240
1720322064
3838848688
3057129292
3622491296
2507181548
2709656098
478985464
543877359
2810722852
1027842912
1791124266
2788549754
2909125492
2458735693
2299397618
1150283730
964556076
3870547378
1512157332
1377714060
1111493884
486921504
1067143335
1773602488
1697140832
696704544
2868662720
3547694542
2233955584
3770335416
4078710878
2860008552
2382767828
3972962152
12150882
3640005604
1122263796
807146080
593435996
3151089170
2288448882
1626032905
1046333174
2207192507
305153998
289512620
1452547330
3701448458
3019988038
2604897136
710297561
2973845698
282000860
3155832386
3409708014
2565043936
13825866
3993778732
2488002729
8595160
2458541420
3499033598
1882366191
1521515264
3511291328
625344492
307350726
1413037824
3456482192
2961243676
2272070632
1617853306
1041168877
104499196
2643841366
3193710804
3822298062
2517412
3857880422
1697598169
658597981
3101728352
4076193275
3969002983
4281848236
1248280448
414613355
3035075384
1317924231
1136407625
3949678288
4186726128
376433708
465348008
3467706488
176288180
696809896
1191770995
383745224
3816978600
2124598016
2659769392
36116184
3838336002
1507167851
795171792
1586972864
2345846982
3833762550
1271489536
346957152
1838603256
1600130997
648843948
3887115962
4021784763
1677408377
1432084028
2068714264
190014754
985317780
2883249748
2670833972
1220528868
2684437284
1113620065
1317606220
4104449655
3208440176
2197819696
1864900103
331060220
4284110188
2283615536
1784750478
3524734412
385412732
111139248
4286319528
349046100
829598482
1031425214
785345548
908641368
4025453382
3425968672
2282166344
3986908752
3687889748
1264859796
141116320
1465610677
229821348
4270044275
527692959
3522084073
3487358876
4185097536
1288269492
3571154188
3781895494
1254974489
4150142004
1973894296
362643334
567432284
2493510680
1567730838
3769944116
2583367036
1759488042
1451729910
1544234584
2187018448
800897772
2224809856
48536788
3852035272
1215941932
2211109751
2291507456
124021384
256844750
207053967
749424412
548985208
3085691104
2328086080
577924108
4211323856
3619007238
1930274352
4133793278
25991205
3373969291
3163684037
4260616361
562699197
4002943770
2250866552
918697406
2778903564
2287709569
3884971962
2205115040
1308385288
2403392940
4010738808
481878611
21692530
1046243037
2914451968
3135986456
1785238492
61310038
942060144
333530398
2247235928
2249188474
3906099052
1314567179
1474919148
1317071236
1924168253
2661485879
1109930676
436599820
164699584
3712716060
979801560
1215955072
1846244992
1269411417
2636863496
2047486303
3374788736
3473996844
240593118
3000402528
4215963469
3476848156
1834746202
472358674
3020844236
371505920
2421959931
1257466842
1781529196
701826974
636554826
3441377538
2018116600
2784650038
1205195304
2893470712
732723490
1315471960
2540377296
1737318304
2531185654
678243566
1391516752
3632244182
1188720113
3324389668
2693415938
1991216271
3270108148
583756996
1647976732
1763082816
1840404728
4144160112
3753988252
3306898321
2764253260
626164412
2507193513
4237310528
1978350411
1809246492
3233253838
637445640
2160650984
3320222824
1858480983
4227906488
530892168
222574406
263504128
3420119779
740938720
1898922844
2205709963
2226382980
4183658916
3721191332
2398803918
1970532500
782329702
1499574588
1781161330
1624309642
2480009499
191546345
767286656
704497104
1588165728
722328505
874908005
145548036
1593247488
3687643214
2343381281
3035922988
2518120984
1768331816
3979095208
1696179950
3826606080
2783843142
2368096948
3067711324
1890238638
1296152624
2492995776
1322078117
2739986540
1019075584
2744302567
874081850
2638505489
2247625632
679309996
3550680572
2438610668
1077722805
4140035100
4283660216
1836792776
3162721014
2733790720
489273814
524204958
2624678944
1916233718
4227277880
2231787834
3627192330
1132555296
2515419392
4108499168
426997818
883443972
3167135616
3774370688
3139329690
2669368062
4115303374
1221223360
3162094377
1372891984
1501333070
1242951524
294104304
3622801696
1752103752
843436520
3191335068
2929168780
3496431160
90963452
3039709344
1830998878
1241480304
312804592
3952155432
1552230270
2755879280
3660373115
1139351768
764934480
3708832614
3574010258
1832287008
3252481871
2554603692
3430766500
3526082320
1136673010
230637193
1560808678
2529768853
1237979896
2114584072
93065580
1336186549
1584017468
2456511604
965030224
320304432
2513881144
2525076700
1525393509
1532069104
4291362256
1964965359
2768174068
802626515
2997871556
4224859168
1947602703
168577632
2807771724
2638577960
810754790
1329861174
3541195468
1179138991
2157830728
4111587984
3631175976
3360589379
3496284800
1076292800
1440409312
2161304572
2565069184
2339684786
4132868852
3506320518
376660013
2412354992
2892300678
2520743699
884021228
2129063493
341136505
542615180
727061532
1782397029
3691212415
2665498544
3283952188
3697858210
3582585765
1235834680
2335766640
4021021296
2472255808
3521122079
628172112
2811816248
1355117324
869591446
1669106704
3447790491
670833368
4125070464
699431317
2751605376
3973009048
4015577404
3711787478
1814715008
3197397376
889833740
2747656463
1424405184
1699374095
1078834024
2167243210
3327736608
1801008861
278425408
4213238032
4221356576
2969711076
2194276814
2277165836
1807624224
3407728330
3649602454
723727469
1694199686
3719915553
419087312
1267038686
748927728
4146566327
4275702806
3891342424
3544899688
611996128
2321416716
3136776184
3604228236
979300351
2677836980
3736149966
3837085264
1109361353
2900409259
67969278
1386550485
4242492256
2001876546
1019129616
2093041726
1129403436
1192254003
1201405836
135725264
1894517182
4284360850
1393668202
1996265364
2618821229
4128874710
3679686960
3302898883
564100424
1161577812
3699855594
536685520
3068618006
2485813339
1716543300
2599031032
4270445456
2304011580
4232325350
2103355096
781355398
2217377440
1688568949
3939174946
3118024590
1475513484
657354960
1685621046
932153015
3212270684
2900305091
1070991956
3216031079
2706435074
2520575936
4184578960
3392303392
3022620108
3809796944
375921884
903388526
3948276836
1830776960
2542076
2962522576
2587479838
3105491606
2872289408
2259184578
2890654658
1334038256
2814862464
1253157432
1055539678
2435735583
4045033045
3017982288
794080640
1624061910
749975284
2088962138
2108530504
2388228100
2266739744
3155777576
3071390928
1218198928
1799962635
1018381100
1701020535
4207978936
2027767645
3436579168
850746836
4171575104
4221814425
403471289
2078739615
3280509821
787008152
2266322084
1951075300
1679677199
3128492960
4059516420
2262259144
3932478757
459913620
2129647020
2347378384
3324054342
2149425799
3677453750
1527141696
660428098
2022775191
3870962480
3163570044
2982303052
2623369792
2977744306
367176366
1917831840
1733532016
3532452011
302780780
1885610891
2769981240
3615797348
2803519692
2275024192
31330227
2848179610
1759308240
4065150700
3701420342
3951581994
2381141002
150287764
1326596640
3568365008
66510806
1593717336
299485412
3142387065
656497019
1783322860
1199062222
3569094941
728030944
1737475372
2749831316
1629497482
1505371083
891552214
4196448677
2722247099
1531616855
443904992
3913067544
2349438666
3925434496
486979204
1466307616
4288959488
501140096
165914848
1835056576
1930002036
961542184
927970840
1931817764
1910609856
2545213992
484723324
2449538956
4142450288
3795998176
124118688
2431069902
3241250216
3208746192
230774928
1589068064
2725498136
764182698
3839439620
1973714736
1564356279
2907938092
2371657584
984389802
1087977614
1442865772
2276463006
3466006255
2357102094
1548709570
4131890078
3165075655
1428695980
535284666
1002336895
354255200
3346682786
1783598768
3511844080
2659517900
3241366786
2819974276
4251473040
530098828
2116971634
1184266387
237701886
1986596552
346375616
113162200
1803315278
2387321390
2157213264
2888734386
4223603344
2817715417
3159696581
1321620924
3210880317
1899389420
451852344
189969028
2187658928
3066014465
4113328490
2572859159
2503375821
367000185
2485453564
2283458468
564864432
1380499060
3184954378
2873107181
496577160
2293682036
3334658751
3944902540
1666977996
2197836942
2453813956
608188000
3170402348
3852206226
3363678718
1370607120
743424683
3176462244
742447168
2088894144
1239100722
1899453936
2554845982
734575318
3541555346
1931083849
107965562
2779532362
3443845112
260387220
1965421114
3670556924
2720686009
1228126710
958864056
1964456064
86865401
2693827478
4022866640
339963720
3695978547
1111419990
1249792648
4162095784
1829836562
3590579214
3605511520
480528310
2103744444
1151191704
1363430714
705948135
3649369144
2226060487
2151462626
511950224
2739909088
2818073578
1606754214
1807346315
3474065002
1720476670
10777080
1728948545
3728926720
3362529024
3731470042
1217852382
927391510
1346560720
411625136
2542311568
1983175594
3984171346
2765000033
2763587524
3205903996
3403576074
4103894458
1684113241
2874491296
2462293184
2225151871
1476837746
3838177189
2687214524
2449853200
3012591356
21971752
1181534688
146295950
167875078
205477184
3282862096
1007295362
1563233215
1279523669
320997122
3188616567
3045146076
139373670
2260598044
2715858576
1431449559
971632611
3351395776
1980438601
677250691
2808712772
4187570445
157009481
3255549118
3769029722
3019219926
465031296
1432412096
3866153770
3048915384
2099482992
1626312621
2395737210
65130630
1148957376
3527331074
1953598832
3700695836
2114038664
2393609046
3735487664
1710423542
361327496
3609372002
2996460074
928871528
3062265580
585744380
1164752104
1378253664
1259640071
642128452
2872068864
425214744
3439137568
2623234622
3701461957
223462912
2084889275
2159212414
899724361
1244753576
1588507997
3478066349
137794374
3544765608
4011011953
968661544
3338155538
1765843547
289851712
3507569914
1872437778
1446638772
2364775599
3786325326
321165608
2014864239
1827286942
762920278
2506215720
824241212
3058296545
2621583496
2991862524
432895436
1165460134
2111806020
2492540085
3927813216
4230432114
3451180016
2685619896
4050852010
3251873691
2615021466
377223537
2478769769
2107100736
448966944
2308927456
2539955231
3413353466
989681912
709974204
3316339254
879165194
926168316
1677135414
1855728768
171064932
1813951276
